app/build/outputs/logs/manifest-merger-debug-report.txt
-- Merging decision tree log ---
manifest
ADDED from src\main\AndroidManifest.xml:2:1-95:12
	package
		ADDED from src\main\AndroidManifest.xml:3:5-39
		INJECTED from src\main\AndroidManifest.xml
		INJECTED from src\main\AndroidManifest.xml
	android:versionName
		INJECTED from src\main\AndroidManifest.xml
		INJECTED from src\main\AndroidManifest.xml
	xmlns:android
		ADDED from src\main\AndroidManifest.xml:2:11-69
	android:versionCode
		INJECTED from src\main\AndroidManifest.xml
		INJECTED from src\main\AndroidManifest.xml
uses-permission#android.permission.CHANGE_WIFI_STATE
ADDED from src\main\AndroidManifest.xml:5:5-76
	android:name
		ADDED from src\main\AndroidManifest.xml:5:22-73
uses-permission#android.permission.ACCESS_WIFI_STATE
ADDED from src\main\AndroidManifest.xml:6:5-76
	android:name
		ADDED from src\main\AndroidManifest.xml:6:22-73
uses-permission#android.permission.UPDATE_DEVICE_STATS
ADDED from src\main\AndroidManifest.xml:7:5-78
	android:name
		ADDED from src\main\AndroidManifest.xml:7:22-75
uses-permission#android.permission.INTERNET
ADDED from src\main\AndroidManifest.xml:8:5-67
MERGED from [com.firebaseui:firebase-ui:0.6.0] AndroidManifest.xml:11:5-67
MERGED from [com.firebaseui:firebase-ui-database:0.6.0] AndroidManifest.xml:11:5-67
MERGED from [com.google.firebase:firebase-analytics:10.2.0] AndroidManifest.xml:20:5-66
MERGED from [com.google.firebase:firebase-analytics-impl:10.2.0] AndroidManifest.xml:20:5-66
MERGED from [com.google.firebase:firebase-iid:10.2.0] AndroidManifest.xml:20:5-66
	android:name
		ADDED from src\main\AndroidManifest.xml:8:22-64
uses-permission#android.permission.WAKE_LOCK
ADDED from src\main\AndroidManifest.xml:9:5-68
MERGED from [com.google.firebase:firebase-analytics:10.2.0] AndroidManifest.xml:22:5-67
MERGED from [com.google.firebase:firebase-analytics-impl:10.2.0] AndroidManifest.xml:22:5-67
MERGED from [com.google.firebase:firebase-iid:10.2.0] AndroidManifest.xml:21:5-67
	android:name
		ADDED from src\main\AndroidManifest.xml:9:22-65
uses-feature#android.hardware.camera
ADDED from src\main\AndroidManifest.xml:11:5-60
	android:name
		ADDED from src\main\AndroidManifest.xml:11:19-57
uses-permission#android.permission.WRITE_SECURE_SETTINGS
ADDED from src\main\AndroidManifest.xml:13:5-80
	android:name
		ADDED from src\main\AndroidManifest.xml:13:22-77
uses-permission#android.permission.ACCESS_NETWORK_STATE
ADDED from src\main\AndroidManifest.xml:14:5-79
MERGED from [com.google.firebase:firebase-analytics:10.2.0] AndroidManifest.xml:21:5-78
MERGED from [com.google.firebase:firebase-analytics-impl:10.2.0] AndroidManifest.xml:21:5-78
MERGED from [com.google.firebase:firebase-iid:10.2.0] AndroidManifest.xml:19:5-78
	android:name
		ADDED from src\main\AndroidManifest.xml:14:22-76
application
ADDED from src\main\AndroidManifest.xml:16:5-93:19
MERGED from [com.firebaseui:firebase-ui-database:0.6.0] AndroidManifest.xml:13:5-17:19
MERGED from [com.firebaseui:firebase-ui-auth:0.6.0] AndroidManifest.xml:12:5-83:19
MERGED from [com.android.support:palette-v7:23.4.0] AndroidManifest.xml:22:5-23:19
MERGED from [com.google.firebase:firebase-appindexing:10.2.0] AndroidManifest.xml:18:5-19
MERGED from [com.google.android.gms:play-services-auth:10.2.0] AndroidManifest.xml:19:5-25:19
MERGED from [com.google.firebase:firebase-core:10.2.0] AndroidManifest.xml:5:5-20
MERGED from [com.google.firebase:firebase-analytics:10.2.0] AndroidManifest.xml:24:5-33:19
MERGED from [com.google.firebase:firebase-analytics-impl:10.2.0] AndroidManifest.xml:24:5-28:19
MERGED from [com.google.firebase:firebase-iid:10.2.0] AndroidManifest.xml:28:5-50:19
MERGED from [com.google.firebase:firebase-auth:10.2.0] AndroidManifest.xml:19:5-20:19
MERGED from [com.google.android.gms:play-services-base:10.2.0] AndroidManifest.xml:18:5-20:19
MERGED from [com.google.firebase:firebase-common:10.2.0] AndroidManifest.xml:4:5-7:19
MERGED from [com.google.android.gms:play-services-tasks:10.2.0] AndroidManifest.xml:4:5-19
MERGED from [com.google.android.gms:play-services-basement:10.2.0] AndroidManifest.xml:19:5-21:19
MERGED from [com.facebook.android:facebook-android-sdk:4.23.0] AndroidManifest.xml:28:5-48:19
MERGED from [com.android.support:cardview-v7:25.3.1] AndroidManifest.xml:26:5-20
MERGED from [com.android.support:customtabs:25.3.1] AndroidManifest.xml:26:5-20
MERGED from [com.android.support:design:24.2.0] AndroidManifest.xml:22:5-20
MERGED from [com.android.support:appcompat-v7:25.3.1] AndroidManifest.xml:29:5-20
MERGED from [com.android.support:animated-vector-drawable:25.3.1] AndroidManifest.xml:26:5-20
MERGED from [com.android.support:support-vector-drawable:25.3.1] AndroidManifest.xml:26:5-20
MERGED from [com.android.support:support-v4:25.3.1] AndroidManifest.xml:29:5-20
MERGED from [com.android.support:support-fragment:25.3.1] AndroidManifest.xml:29:5-20
MERGED from [com.android.support:support-media-compat:25.3.1] AndroidManifest.xml:29:5-20
MERGED from [com.android.support:support-core-utils:25.3.1] AndroidManifest.xml:29:5-20
MERGED from [com.android.support:support-core-ui:25.3.1] AndroidManifest.xml:29:5-20
MERGED from [com.android.support:support-compat:25.3.1] AndroidManifest.xml:29:5-20
	android:label
		ADDED from src\main\AndroidManifest.xml:19:9-41
	android:allowBackup
		ADDED from src\main\AndroidManifest.xml:17:9-35
	android:icon
		ADDED from src\main\AndroidManifest.xml:18:9-45
	android:theme
		ADDED from src\main\AndroidManifest.xml:20:9-40
activity#com.example.mohamed.shhd.MainActivity
ADDED from src\main\AndroidManifest.xml:21:9-32:20
	android:screenOrientation
		ADDED from src\main\AndroidManifest.xml:25:13-49
	android:label
		ADDED from src\main\AndroidManifest.xml:24:13-45
	android:configChanges
		ADDED from src\main\AndroidManifest.xml:23:13-74
	android:name
		ADDED from src\main\AndroidManifest.xml:22:13-41
intent-filter#android.intent.action.MAIN+android.intent.category.LAUNCHER
ADDED from src\main\AndroidManifest.xml:27:13-31:29
action#android.intent.action.MAIN
ADDED from src\main\AndroidManifest.xml:28:17-69
	android:name
		ADDED from src\main\AndroidManifest.xml:28:25-66
category#android.intent.category.LAUNCHER
ADDED from src\main\AndroidManifest.xml:30:17-77
	android:name
		ADDED from src\main\AndroidManifest.xml:30:27-74
activity#com.example.mohamed.shhd.StartActivity
ADDED from src\main\AndroidManifest.xml:33:9-36:52
	android:screenOrientation
		ADDED from src\main\AndroidManifest.xml:36:13-49
	android:configChanges
		ADDED from src\main\AndroidManifest.xml:35:13-74
	android:name
		ADDED from src\main\AndroidManifest.xml:34:13-42
activity#com.example.mohamed.shhd.homehandlerActivity
ADDED from src\main\AndroidManifest.xml:37:9-40:52
	android:screenOrientation
		ADDED from src\main\AndroidManifest.xml:40:13-49
	android:configChanges
		ADDED from src\main\AndroidManifest.xml:39:13-74
	android:name
		ADDED from src\main\AndroidManifest.xml:38:13-48
activity#com.example.mohamed.shhd.SecurityActivity
ADDED from src\main\AndroidManifest.xml:41:9-44:52
	android:screenOrientation
		ADDED from src\main\AndroidManifest.xml:44:13-49
	android:configChanges
		ADDED from src\main\AndroidManifest.xml:43:13-74
	android:name
		ADDED from src\main\AndroidManifest.xml:42:13-45
activity#com.example.mohamed.shhd.lightcontrolActivity
ADDED from src\main\AndroidManifest.xml:45:9-48:52
	android:screenOrientation
		ADDED from src\main\AndroidManifest.xml:48:13-49
	android:configChanges
		ADDED from src\main\AndroidManifest.xml:47:13-74
	android:name
		ADDED from src\main\AndroidManifest.xml:46:13-49
activity#com.example.mohamed.shhd.wakupalaramactivity
ADDED from src\main\AndroidManifest.xml:49:9-52:52
	android:screenOrientation
		ADDED from src\main\AndroidManifest.xml:52:13-49
	android:configChanges
		ADDED from src\main\AndroidManifest.xml:51:13-74
	android:name
		ADDED from src\main\AndroidManifest.xml:50:13-48
activity#com.example.mohamed.shhd.takephotoActivity
ADDED from src\main\AndroidManifest.xml:53:9-56:52
	android:screenOrientation
		ADDED from src\main\AndroidManifest.xml:56:13-49
	android:configChanges
		ADDED from src\main\AndroidManifest.xml:55:13-74
	android:name
		ADDED from src\main\AndroidManifest.xml:54:13-46
activity#com.example.mohamed.shhd.batterylevelActivity
ADDED from src\main\AndroidManifest.xml:57:9-60:52
	android:screenOrientation
		ADDED from src\main\AndroidManifest.xml:60:13-49
	android:configChanges
		ADDED from src\main\AndroidManifest.xml:59:13-74
	android:name
		ADDED from src\main\AndroidManifest.xml:58:13-49
activity#com.example.mohamed.shhd.missionhistoryActivity
ADDED from src\main\AndroidManifest.xml:61:9-64:52
	android:screenOrientation
		ADDED from src\main\AndroidManifest.xml:64:13-49
	android:configChanges
		ADDED from src\main\AndroidManifest.xml:63:13-74
	android:name
		ADDED from src\main\AndroidManifest.xml:62:13-51
meta-data#com.google.android.gms.version
ADDED from src\main\AndroidManifest.xml:69:9-71:69
MERGED from [com.firebaseui:firebase-ui-database:0.6.0] AndroidManifest.xml:14:9-16:69
MERGED from [com.firebaseui:firebase-ui-auth:0.6.0] AndroidManifest.xml:13:9-15:69
MERGED from [com.google.android.gms:play-services-basement:10.2.0] AndroidManifest.xml:20:9-121
	android:value
		ADDED from src\main\AndroidManifest.xml:71:13-66
	android:name
		ADDED from src\main\AndroidManifest.xml:70:13-58
meta-data#com.facebook.sdk.ApplicationId
ADDED from src\main\AndroidManifest.xml:72:9-74:55
	android:value
		ADDED from src\main\AndroidManifest.xml:74:13-52
	android:name
		ADDED from src\main\AndroidManifest.xml:73:13-58
activity#com.example.mohamed.shhd.login_activity
ADDED from src\main\AndroidManifest.xml:76:9-79:52
	android:screenOrientation
		ADDED from src\main\AndroidManifest.xml:79:13-49
	android:configChanges
		ADDED from src\main\AndroidManifest.xml:78:13-74
	android:name
		ADDED from src\main\AndroidManifest.xml:77:13-43
activity#com.example.mohamed.shhd.register_activity
ADDED from src\main\AndroidManifest.xml:80:9-85:59
	android:screenOrientation
		ADDED from src\main\AndroidManifest.xml:84:13-49
	android:label
		ADDED from src\main\AndroidManifest.xml:83:13-69
	android:configChanges
		ADDED from src\main\AndroidManifest.xml:82:13-74
	android:theme
		ADDED from src\main\AndroidManifest.xml:85:13-56
	android:name
		ADDED from src\main\AndroidManifest.xml:81:13-46
activity#com.example.mohamed.shhd.user_info_activity
ADDED from src\main\AndroidManifest.xml:86:9-89:52
	android:screenOrientation
		ADDED from src\main\AndroidManifest.xml:89:13-49
	android:configChanges
		ADDED from src\main\AndroidManifest.xml:88:13-74
	android:name
		ADDED from src\main\AndroidManifest.xml:87:13-47
activity#com.example.mohamed.shhd.Deaf_talk_activity
ADDED from src\main\AndroidManifest.xml:90:9-56
	android:name
		ADDED from src\main\AndroidManifest.xml:90:19-53
activity#com.example.mohamed.shhd.wifi_test
ADDED from src\main\AndroidManifest.xml:91:9-47
	android:name
		ADDED from src\main\AndroidManifest.xml:91:19-44
activity#com.example.mohamed.shhd.ChatActivity
ADDED from src\main\AndroidManifest.xml:92:9-59
	android:name
		ADDED from src\main\AndroidManifest.xml:92:19-47
uses-sdk
INJECTED from src\main\AndroidManifest.xml reason: use-sdk injection requested
MERGED from [com.firebaseui:firebase-ui:0.6.0] AndroidManifest.xml:7:5-9:41
MERGED from [com.firebaseui:firebase-ui-database:0.6.0] AndroidManifest.xml:7:5-9:41
MERGED from [com.firebaseui:firebase-ui-auth:0.6.0] AndroidManifest.xml:8:5-10:41
MERGED from [com.firebaseui:firebase-ui-storage:0.6.0] AndroidManifest.xml:7:5-9:41
MERGED from [com.android.support:palette-v7:23.4.0] AndroidManifest.xml:20:5-43
MERGED from [com.google.firebase:firebase-storage:9.6.0] AndroidManifest.xml:3:5-42
MERGED from [com.google.firebase:firebase-storage-common:9.6.0] AndroidManifest.xml:3:5-42
MERGED from [com.google.firebase:firebase-appindexing:10.2.0] AndroidManifest.xml:17:5-43
MERGED from [com.google.android.gms:play-services-auth:10.2.0] AndroidManifest.xml:17:5-43
MERGED from [com.google.android.gms:play-services-auth-base:10.2.0] AndroidManifest.xml:4:5-43
MERGED from [com.google.firebase:firebase-core:10.2.0] AndroidManifest.xml:4:5-43
MERGED from [com.google.firebase:firebase-analytics:10.2.0] AndroidManifest.xml:17:5-43
MERGED from [com.google.firebase:firebase-analytics-impl:10.2.0] AndroidManifest.xml:17:5-43
MERGED from [com.google.firebase:firebase-iid:10.2.0] AndroidManifest.xml:17:5-43
MERGED from [com.google.firebase:firebase-auth:10.2.0] AndroidManifest.xml:17:5-43
MERGED from [com.google.android.gms:play-services-base:10.2.0] AndroidManifest.xml:17:5-43
MERGED from [com.google.firebase:firebase-database:10.2.0] AndroidManifest.xml:3:5-43
MERGED from [com.google.firebase:firebase-database-connection:10.2.0] AndroidManifest.xml:3:5-43
MERGED from [com.google.firebase:firebase-common:10.2.0] AndroidManifest.xml:3:5-43
MERGED from [com.google.android.gms:play-services-tasks:10.2.0] AndroidManifest.xml:3:5-43
MERGED from [com.google.android.gms:play-services-basement:10.2.0] AndroidManifest.xml:17:5-43
MERGED from [com.facebook.android:facebook-android-sdk:4.23.0] AndroidManifest.xml:24:5-26:41
MERGED from [com.android.support:cardview-v7:25.3.1] AndroidManifest.xml:20:5-43
MERGED from [com.android.support:customtabs:25.3.1] AndroidManifest.xml:20:5-44
MERGED from [com.android.support:design:24.2.0] AndroidManifest.xml:20:5-43
MERGED from [com.android.support:appcompat-v7:25.3.1] AndroidManifest.xml:21:5-23:78
MERGED from [com.android.support:animated-vector-drawable:25.3.1] AndroidManifest.xml:20:5-44
MERGED from [com.android.support:support-vector-drawable:25.3.1] AndroidManifest.xml:20:5-43
MERGED from [com.android.support:support-v4:25.3.1] AndroidManifest.xml:21:5-23:54
MERGED from [com.android.support:support-fragment:25.3.1] AndroidManifest.xml:21:5-23:60
MERGED from [com.android.support:support-media-compat:25.3.1] AndroidManifest.xml:21:5-23:63
MERGED from [com.android.support:support-core-utils:25.3.1] AndroidManifest.xml:21:5-23:61
MERGED from [com.android.support:recyclerview-v7:24.2.0] AndroidManifest.xml:20:5-43
MERGED from [com.android.support:support-core-ui:25.3.1] AndroidManifest.xml:21:5-23:58
MERGED from [com.android.support:support-compat:25.3.1] AndroidManifest.xml:21:5-23:58
	tools:overrideLibrary
		ADDED from [com.android.support:appcompat-v7:25.3.1] AndroidManifest.xml:23:9-75
	android:targetSdkVersion
		INJECTED from src\main\AndroidManifest.xml
		INJECTED from src\main\AndroidManifest.xml
	android:minSdkVersion
		INJECTED from src\main\AndroidManifest.xml
		INJECTED from src\main\AndroidManifest.xml
activity#com.firebase.ui.auth.ui.email.ConfirmRecoverPasswordActivity
ADDED from [com.firebaseui:firebase-ui-auth:0.6.0] AndroidManifest.xml:17:9-20:56
	android:label
		ADDED from [com.firebaseui:firebase-ui-auth:0.6.0] AndroidManifest.xml:19:13-76
	android:theme
		ADDED from [com.firebaseui:firebase-ui-auth:0.6.0] AndroidManifest.xml:20:13-53
	android:name
		ADDED from [com.firebaseui:firebase-ui-auth:0.6.0] AndroidManifest.xml:18:13-88
activity#com.firebase.ui.auth.ui.email.EmailHintContainerActivity
ADDED from [com.firebaseui:firebase-ui-auth:0.6.0] AndroidManifest.xml:21:9-24:61
	android:label
		ADDED from [com.firebaseui:firebase-ui-auth:0.6.0] AndroidManifest.xml:23:13-58
	android:theme
		ADDED from [com.firebaseui:firebase-ui-auth:0.6.0] AndroidManifest.xml:24:13-58
	android:name
		ADDED from [com.firebaseui:firebase-ui-auth:0.6.0] AndroidManifest.xml:22:13-84
activity#com.firebase.ui.auth.ui.email.RecoverPasswordActivity
ADDED from [com.firebaseui:firebase-ui-auth:0.6.0] AndroidManifest.xml:25:9-28:49
	android:label
		ADDED from [com.firebaseui:firebase-ui-auth:0.6.0] AndroidManifest.xml:27:13-68
	android:theme
		ADDED from [com.firebaseui:firebase-ui-auth:0.6.0] AndroidManifest.xml:28:13-46
	android:name
		ADDED from [com.firebaseui:firebase-ui-auth:0.6.0] AndroidManifest.xml:26:13-81
activity#com.firebase.ui.auth.ui.email.RegisterEmailActivity
ADDED from [com.firebaseui:firebase-ui-auth:0.6.0] AndroidManifest.xml:29:9-32:49
	android:label
		ADDED from [com.firebaseui:firebase-ui-auth:0.6.0] AndroidManifest.xml:31:13-66
	android:theme
		ADDED from [com.firebaseui:firebase-ui-auth:0.6.0] AndroidManifest.xml:32:13-46
	android:name
		ADDED from [com.firebaseui:firebase-ui-auth:0.6.0] AndroidManifest.xml:30:13-79
activity#com.firebase.ui.auth.ui.email.SignInNoPasswordActivity
ADDED from [com.firebaseui:firebase-ui-auth:0.6.0] AndroidManifest.xml:33:9-36:49
	android:label
		ADDED from [com.firebaseui:firebase-ui-auth:0.6.0] AndroidManifest.xml:35:13-71
	android:theme
		ADDED from [com.firebaseui:firebase-ui-auth:0.6.0] AndroidManifest.xml:36:13-46
	android:name
		ADDED from [com.firebaseui:firebase-ui-auth:0.6.0] AndroidManifest.xml:34:13-82
activity#com.firebase.ui.auth.ui.email.SignInActivity
ADDED from [com.firebaseui:firebase-ui-auth:0.6.0] AndroidManifest.xml:37:9-40:49
	android:label
		ADDED from [com.firebaseui:firebase-ui-auth:0.6.0] AndroidManifest.xml:39:13-59
	android:theme
		ADDED from [com.firebaseui:firebase-ui-auth:0.6.0] AndroidManifest.xml:40:13-46
	android:name
		ADDED from [com.firebaseui:firebase-ui-auth:0.6.0] AndroidManifest.xml:38:13-72
activity#com.firebase.ui.auth.ui.account_link.SaveCredentialsActivity
ADDED from [com.firebaseui:firebase-ui-auth:0.6.0] AndroidManifest.xml:41:9-44:61
	android:label
		ADDED from [com.firebaseui:firebase-ui-auth:0.6.0] AndroidManifest.xml:43:13-58
	android:theme
		ADDED from [com.firebaseui:firebase-ui-auth:0.6.0] AndroidManifest.xml:44:13-58
	android:name
		ADDED from [com.firebaseui:firebase-ui-auth:0.6.0] AndroidManifest.xml:42:13-88
activity#com.firebase.ui.auth.ui.account_link.WelcomeBackIDPPrompt
ADDED from [com.firebaseui:firebase-ui-auth:0.6.0] AndroidManifest.xml:45:9-48:49
	android:label
		ADDED from [com.firebaseui:firebase-ui-auth:0.6.0] AndroidManifest.xml:47:13-66
	android:theme
		ADDED from [com.firebaseui:firebase-ui-auth:0.6.0] AndroidManifest.xml:48:13-46
	android:name
		ADDED from [com.firebaseui:firebase-ui-auth:0.6.0] AndroidManifest.xml:46:13-85
activity#com.firebase.ui.auth.ui.account_link.WelcomeBackPasswordPrompt
ADDED from [com.firebaseui:firebase-ui-auth:0.6.0] AndroidManifest.xml:49:9-52:49
	android:label
		ADDED from [com.firebaseui:firebase-ui-auth:0.6.0] AndroidManifest.xml:51:13-71
	android:theme
		ADDED from [com.firebaseui:firebase-ui-auth:0.6.0] AndroidManifest.xml:52:13-46
	android:name
		ADDED from [com.firebaseui:firebase-ui-auth:0.6.0] AndroidManifest.xml:50:13-90
activity#com.firebase.ui.auth.ui.idp.AuthMethodPickerActivity
ADDED from [com.firebaseui:firebase-ui-auth:0.6.0] AndroidManifest.xml:53:9-56:49
	android:label
		ADDED from [com.firebaseui:firebase-ui-auth:0.6.0] AndroidManifest.xml:55:13-58
	android:theme
		ADDED from [com.firebaseui:firebase-ui-auth:0.6.0] AndroidManifest.xml:56:13-46
	android:name
		ADDED from [com.firebaseui:firebase-ui-auth:0.6.0] AndroidManifest.xml:54:13-80
activity#com.firebase.ui.auth.ui.idp.IDPSignInContainerActivity
ADDED from [com.firebaseui:firebase-ui-auth:0.6.0] AndroidManifest.xml:57:9-60:61
	android:label
		ADDED from [com.firebaseui:firebase-ui-auth:0.6.0] AndroidManifest.xml:59:13-58
	android:theme
		ADDED from [com.firebaseui:firebase-ui-auth:0.6.0] AndroidManifest.xml:60:13-58
	android:name
		ADDED from [com.firebaseui:firebase-ui-auth:0.6.0] AndroidManifest.xml:58:13-82
activity#com.firebase.ui.auth.ui.ChooseAccountActivity
ADDED from [com.firebaseui:firebase-ui-auth:0.6.0] AndroidManifest.xml:61:9-64:61
	android:label
		ADDED from [com.firebaseui:firebase-ui-auth:0.6.0] AndroidManifest.xml:63:13-58
	android:theme
		ADDED from [com.firebaseui:firebase-ui-auth:0.6.0] AndroidManifest.xml:64:13-58
	android:name
		ADDED from [com.firebaseui:firebase-ui-auth:0.6.0] AndroidManifest.xml:62:13-73
activity#com.facebook.FacebookActivity
ADDED from [com.firebaseui:firebase-ui-auth:0.6.0] AndroidManifest.xml:65:9-70:45
MERGED from [com.facebook.android:facebook-android-sdk:4.23.0] AndroidManifest.xml:29:9-32:66
	android:label
		ADDED from [com.firebaseui:firebase-ui-auth:0.6.0] AndroidManifest.xml:68:13-45
	android:configChanges
		ADDED from [com.firebaseui:firebase-ui-auth:0.6.0] AndroidManifest.xml:67:13-96
	android:theme
		ADDED from [com.firebaseui:firebase-ui-auth:0.6.0] AndroidManifest.xml:69:13-58
		REJECTED from [com.facebook.android:facebook-android-sdk:4.23.0] AndroidManifest.xml:32:13-63
	tools:replace
		ADDED from [com.firebaseui:firebase-ui-auth:0.6.0] AndroidManifest.xml:70:13-42
	android:name
		ADDED from [com.firebaseui:firebase-ui-auth:0.6.0] AndroidManifest.xml:66:13-57
activity#com.facebook.CustomTabActivity
ADDED from [com.firebaseui:firebase-ui-auth:0.6.0] AndroidManifest.xml:71:9-82:20
	android:exported
		ADDED from [com.firebaseui:firebase-ui-auth:0.6.0] AndroidManifest.xml:73:13-36
	android:name
		ADDED from [com.firebaseui:firebase-ui-auth:0.6.0] AndroidManifest.xml:72:13-58
intent-filter#android.intent.action.VIEW+android.intent.category.BROWSABLE+android.intent.category.DEFAULT
ADDED from [com.firebaseui:firebase-ui-auth:0.6.0] AndroidManifest.xml:74:13-81:29
action#android.intent.action.VIEW
ADDED from [com.firebaseui:firebase-ui-auth:0.6.0] AndroidManifest.xml:75:17-69
	android:name
		ADDED from [com.firebaseui:firebase-ui-auth:0.6.0] AndroidManifest.xml:75:25-66
category#android.intent.category.DEFAULT
ADDED from [com.firebaseui:firebase-ui-auth:0.6.0] AndroidManifest.xml:77:17-76
	android:name
		ADDED from [com.firebaseui:firebase-ui-auth:0.6.0] AndroidManifest.xml:77:27-73
category#android.intent.category.BROWSABLE
ADDED from [com.firebaseui:firebase-ui-auth:0.6.0] AndroidManifest.xml:78:17-78
	android:name
		ADDED from [com.firebaseui:firebase-ui-auth:0.6.0] AndroidManifest.xml:78:27-75
data
ADDED from [com.firebaseui:firebase-ui-auth:0.6.0] AndroidManifest.xml:80:17-81
	android:scheme
		ADDED from [com.firebaseui:firebase-ui-auth:0.6.0] AndroidManifest.xml:80:23-78
activity#com.google.android.gms.auth.api.signin.internal.SignInHubActivity
ADDED from [com.google.android.gms:play-services-auth:10.2.0] AndroidManifest.xml:20:9-189
	android:excludeFromRecents
		ADDED from [com.google.android.gms:play-services-auth:10.2.0] AndroidManifest.xml:20:129-162
	android:exported
		ADDED from [com.google.android.gms:play-services-auth:10.2.0] AndroidManifest.xml:20:163-187
	android:theme
		ADDED from [com.google.android.gms:play-services-auth:10.2.0] AndroidManifest.xml:20:69-128
	android:name
		ADDED from [com.google.android.gms:play-services-auth:10.2.0] AndroidManifest.xml:20:19-68
service#com.google.android.gms.auth.api.signin.RevocationBoundService
ADDED from [com.google.android.gms:play-services-auth:10.2.0] AndroidManifest.xml:24:9-184
	android:exported
		ADDED from [com.google.android.gms:play-services-auth:10.2.0] AndroidManifest.xml:24:64-87
	android:permission
		ADDED from [com.google.android.gms:play-services-auth:10.2.0] AndroidManifest.xml:24:88-182
	android:name
		ADDED from [com.google.android.gms:play-services-auth:10.2.0] AndroidManifest.xml:24:18-63
receiver#com.google.android.gms.measurement.AppMeasurementReceiver
ADDED from [com.google.firebase:firebase-analytics:10.2.0] AndroidManifest.xml:25:7-26:18
MERGED from [com.google.firebase:firebase-analytics-impl:10.2.0] AndroidManifest.xml:25:7-26:18
	android:enabled
		ADDED from [com.google.firebase:firebase-analytics:10.2.0] AndroidManifest.xml:25:90-112
	android:exported
		ADDED from [com.google.firebase:firebase-analytics:10.2.0] AndroidManifest.xml:25:113-137
	android:name
		ADDED from [com.google.firebase:firebase-analytics:10.2.0] AndroidManifest.xml:25:17-89
receiver#com.google.android.gms.measurement.AppMeasurementInstallReferrerReceiver
ADDED from [com.google.firebase:firebase-analytics:10.2.0] AndroidManifest.xml:27:7-31:18
	android:enabled
		ADDED from [com.google.firebase:firebase-analytics:10.2.0] AndroidManifest.xml:27:162-184
	android:permission
		ADDED from [com.google.firebase:firebase-analytics:10.2.0] AndroidManifest.xml:27:105-161
	android:name
		ADDED from [com.google.firebase:firebase-analytics:10.2.0] AndroidManifest.xml:27:17-104
intent-filter#com.android.vending.INSTALL_REFERRER
ADDED from [com.google.firebase:firebase-analytics:10.2.0] AndroidManifest.xml:28:11-30:27
action#com.android.vending.INSTALL_REFERRER
ADDED from [com.google.firebase:firebase-analytics:10.2.0] AndroidManifest.xml:29:15-76
	android:name
		ADDED from [com.google.firebase:firebase-analytics:10.2.0] AndroidManifest.xml:29:23-74
service#com.google.android.gms.measurement.AppMeasurementService
ADDED from [com.google.firebase:firebase-analytics:10.2.0] AndroidManifest.xml:32:7-137
MERGED from [com.google.firebase:firebase-analytics-impl:10.2.0] AndroidManifest.xml:27:7-137
	android:enabled
		ADDED from [com.google.firebase:firebase-analytics:10.2.0] AndroidManifest.xml:32:88-110
	android:exported
		ADDED from [com.google.firebase:firebase-analytics:10.2.0] AndroidManifest.xml:32:111-135
	android:name
		ADDED from [com.google.firebase:firebase-analytics:10.2.0] AndroidManifest.xml:32:16-87
uses-permission#com.google.android.c2dm.permission.RECEIVE
ADDED from [com.google.firebase:firebase-iid:10.2.0] AndroidManifest.xml:22:5-81
	android:name
		ADDED from [com.google.firebase:firebase-iid:10.2.0] AndroidManifest.xml:22:22-79
permission#${applicationId}.permission.C2D_MESSAGE
ADDED from [com.google.firebase:firebase-iid:10.2.0] AndroidManifest.xml:24:5-109
	android:protectionLevel
		ADDED from [com.google.firebase:firebase-iid:10.2.0] AndroidManifest.xml:24:72-107
	android:name
		ADDED from [com.google.firebase:firebase-iid:10.2.0] AndroidManifest.xml:24:17-71
uses-permission#${applicationId}.permission.C2D_MESSAGE
ADDED from [com.google.firebase:firebase-iid:10.2.0] AndroidManifest.xml:26:5-78
	android:name
		ADDED from [com.google.firebase:firebase-iid:10.2.0] AndroidManifest.xml:26:22-76
receiver#com.google.firebase.iid.FirebaseInstanceIdReceiver
ADDED from [com.google.firebase:firebase-iid:10.2.0] AndroidManifest.xml:30:9-36:20
	android:exported
		ADDED from [com.google.firebase:firebase-iid:10.2.0] AndroidManifest.xml:30:85-108
	android:permission
		ADDED from [com.google.firebase:firebase-iid:10.2.0] AndroidManifest.xml:30:109-169
	android:name
		ADDED from [com.google.firebase:firebase-iid:10.2.0] AndroidManifest.xml:30:19-84
intent-filter#${applicationId}+com.google.android.c2dm.intent.RECEIVE+com.google.android.c2dm.intent.REGISTRATION
ADDED from [com.google.firebase:firebase-iid:10.2.0] AndroidManifest.xml:31:13-35:29
action#com.google.android.c2dm.intent.RECEIVE
ADDED from [com.google.firebase:firebase-iid:10.2.0] AndroidManifest.xml:32:17-80
	android:name
		ADDED from [com.google.firebase:firebase-iid:10.2.0] AndroidManifest.xml:32:25-78
action#com.google.android.c2dm.intent.REGISTRATION
ADDED from [com.google.firebase:firebase-iid:10.2.0] AndroidManifest.xml:33:17-85
	android:name
		ADDED from [com.google.firebase:firebase-iid:10.2.0] AndroidManifest.xml:33:25-83
category#${applicationId}
ADDED from [com.google.firebase:firebase-iid:10.2.0] AndroidManifest.xml:34:17-60
	android:name
		ADDED from [com.google.firebase:firebase-iid:10.2.0] AndroidManifest.xml:34:27-58
receiver#com.google.firebase.iid.FirebaseInstanceIdInternalReceiver
ADDED from [com.google.firebase:firebase-iid:10.2.0] AndroidManifest.xml:40:9-119
	android:exported
		ADDED from [com.google.firebase:firebase-iid:10.2.0] AndroidManifest.xml:40:93-117
	android:name
		ADDED from [com.google.firebase:firebase-iid:10.2.0] AndroidManifest.xml:40:19-92
service#com.google.firebase.iid.FirebaseInstanceIdService
ADDED from [com.google.firebase:firebase-iid:10.2.0] AndroidManifest.xml:44:9-48:19
	android:exported
		ADDED from [com.google.firebase:firebase-iid:10.2.0] AndroidManifest.xml:44:83-106
	android:name
		ADDED from [com.google.firebase:firebase-iid:10.2.0] AndroidManifest.xml:44:18-82
intent-filter#com.google.firebase.INSTANCE_ID_EVENT
ADDED from [com.google.firebase:firebase-iid:10.2.0] AndroidManifest.xml:45:13-47:29
	android:priority
		ADDED from [com.google.firebase:firebase-iid:10.2.0] AndroidManifest.xml:45:28-51
action#com.google.firebase.INSTANCE_ID_EVENT
ADDED from [com.google.firebase:firebase-iid:10.2.0] AndroidManifest.xml:46:17-79
	android:name
		ADDED from [com.google.firebase:firebase-iid:10.2.0] AndroidManifest.xml:46:25-77
activity#com.google.android.gms.common.api.GoogleApiActivity
ADDED from [com.google.android.gms:play-services-base:10.2.0] AndroidManifest.xml:19:9-172
	android:exported
		ADDED from [com.google.android.gms:play-services-base:10.2.0] AndroidManifest.xml:19:146-170
	android:theme
		ADDED from [com.google.android.gms:play-services-base:10.2.0] AndroidManifest.xml:19:86-145
	android:name
		ADDED from [com.google.android.gms:play-services-base:10.2.0] AndroidManifest.xml:19:19-85
provider#com.google.firebase.provider.FirebaseInitProvider
ADDED from [com.google.firebase:firebase-common:10.2.0] AndroidManifest.xml:6:9-194
	android:authorities
		ADDED from [com.google.firebase:firebase-common:10.2.0] AndroidManifest.xml:6:19-78
	android:exported
		ADDED from [com.google.firebase:firebase-common:10.2.0] AndroidManifest.xml:6:144-168
	android:initOrder
		ADDED from [com.google.firebase:firebase-common:10.2.0] AndroidManifest.xml:6:169-192
	android:name
		ADDED from [com.google.firebase:firebase-common:10.2.0] AndroidManifest.xml:6:79-143
activity#com.facebook.CustomTabMainActivity
ADDED from [com.facebook.android:facebook-android-sdk:4.23.0] AndroidManifest.xml:33:9-71
	android:name
		ADDED from [com.facebook.android:facebook-android-sdk:4.23.0] AndroidManifest.xml:33:19-68
provider#com.facebook.internal.FacebookInitProvider
ADDED from [com.facebook.android:facebook-android-sdk:4.23.0] AndroidManifest.xml:44:9-47:40
	android:authorities
		ADDED from [com.facebook.android:facebook-android-sdk:4.23.0] AndroidManifest.xml:46:13-72
	android:exported